[2023-09-05 00:32:41,152] {processor.py:153} INFO - Started process (PID=1058) to work on /home/airflow/.local/lib/python3.7/site-packages/airflow/example_dags/example_external_task_marker_dag.py
[2023-09-05 00:32:41,156] {processor.py:641} INFO - Processing file /home/airflow/.local/lib/python3.7/site-packages/airflow/example_dags/example_external_task_marker_dag.py for tasks to queue
[2023-09-05 00:32:41,167] {logging_mixin.py:115} INFO - [2023-09-05 00:32:41,167] {dagbag.py:507} INFO - Filling up the DagBag from /home/airflow/.local/lib/python3.7/site-packages/airflow/example_dags/example_external_task_marker_dag.py
[2023-09-05 00:32:41,231] {processor.py:651} INFO - DAG(s) dict_keys(['example_external_task_marker_parent', 'example_external_task_marker_child']) retrieved from /home/airflow/.local/lib/python3.7/site-packages/airflow/example_dags/example_external_task_marker_dag.py
[2023-09-05 00:32:41,778] {logging_mixin.py:115} INFO - [2023-09-05 00:32:41,778] {dag.py:2371} INFO - Sync 2 DAGs
[2023-09-05 00:32:41,931] {logging_mixin.py:115} INFO - [2023-09-05 00:32:41,931] {dag.py:2919} INFO - Setting next_dagrun for example_external_task_marker_child to None, run_after=None
[2023-09-05 00:32:41,935] {logging_mixin.py:115} INFO - [2023-09-05 00:32:41,935] {dag.py:2919} INFO - Setting next_dagrun for example_external_task_marker_parent to None, run_after=None
[2023-09-05 00:32:42,018] {processor.py:161} INFO - Processing /home/airflow/.local/lib/python3.7/site-packages/airflow/example_dags/example_external_task_marker_dag.py took 0.972 seconds
[2023-09-05 00:57:41,519] {processor.py:153} INFO - Started process (PID=1089) to work on /home/airflow/.local/lib/python3.7/site-packages/airflow/example_dags/example_external_task_marker_dag.py
[2023-09-05 00:57:41,523] {processor.py:641} INFO - Processing file /home/airflow/.local/lib/python3.7/site-packages/airflow/example_dags/example_external_task_marker_dag.py for tasks to queue
[2023-09-05 00:57:41,529] {logging_mixin.py:115} INFO - [2023-09-05 00:57:41,528] {dagbag.py:507} INFO - Filling up the DagBag from /home/airflow/.local/lib/python3.7/site-packages/airflow/example_dags/example_external_task_marker_dag.py
[2023-09-05 00:57:41,552] {processor.py:651} INFO - DAG(s) dict_keys(['example_external_task_marker_parent', 'example_external_task_marker_child']) retrieved from /home/airflow/.local/lib/python3.7/site-packages/airflow/example_dags/example_external_task_marker_dag.py
[2023-09-05 00:57:41,744] {logging_mixin.py:115} INFO - [2023-09-05 00:57:41,744] {dag.py:2371} INFO - Sync 2 DAGs
[2023-09-05 00:57:41,912] {logging_mixin.py:115} INFO - [2023-09-05 00:57:41,912] {dag.py:2919} INFO - Setting next_dagrun for example_external_task_marker_child to None, run_after=None
[2023-09-05 00:57:41,925] {logging_mixin.py:115} INFO - [2023-09-05 00:57:41,922] {dag.py:2919} INFO - Setting next_dagrun for example_external_task_marker_parent to None, run_after=None
[2023-09-05 00:57:42,017] {processor.py:161} INFO - Processing /home/airflow/.local/lib/python3.7/site-packages/airflow/example_dags/example_external_task_marker_dag.py took 0.509 seconds
[2023-09-05 00:58:12,375] {processor.py:153} INFO - Started process (PID=1142) to work on /home/airflow/.local/lib/python3.7/site-packages/airflow/example_dags/example_external_task_marker_dag.py
[2023-09-05 00:58:12,377] {processor.py:641} INFO - Processing file /home/airflow/.local/lib/python3.7/site-packages/airflow/example_dags/example_external_task_marker_dag.py for tasks to queue
[2023-09-05 00:58:12,380] {logging_mixin.py:115} INFO - [2023-09-05 00:58:12,380] {dagbag.py:507} INFO - Filling up the DagBag from /home/airflow/.local/lib/python3.7/site-packages/airflow/example_dags/example_external_task_marker_dag.py
[2023-09-05 00:58:12,393] {processor.py:651} INFO - DAG(s) dict_keys(['example_external_task_marker_parent', 'example_external_task_marker_child']) retrieved from /home/airflow/.local/lib/python3.7/site-packages/airflow/example_dags/example_external_task_marker_dag.py
[2023-09-05 00:58:12,492] {logging_mixin.py:115} INFO - [2023-09-05 00:58:12,492] {dag.py:2371} INFO - Sync 2 DAGs
[2023-09-05 00:58:12,549] {logging_mixin.py:115} INFO - [2023-09-05 00:58:12,549] {dag.py:2919} INFO - Setting next_dagrun for example_external_task_marker_child to None, run_after=None
[2023-09-05 00:58:12,551] {logging_mixin.py:115} INFO - [2023-09-05 00:58:12,551] {dag.py:2919} INFO - Setting next_dagrun for example_external_task_marker_parent to None, run_after=None
[2023-09-05 00:58:12,582] {processor.py:161} INFO - Processing /home/airflow/.local/lib/python3.7/site-packages/airflow/example_dags/example_external_task_marker_dag.py took 0.214 seconds
[2023-09-05 00:58:43,059] {processor.py:153} INFO - Started process (PID=1208) to work on /home/airflow/.local/lib/python3.7/site-packages/airflow/example_dags/example_external_task_marker_dag.py
[2023-09-05 00:58:43,064] {processor.py:641} INFO - Processing file /home/airflow/.local/lib/python3.7/site-packages/airflow/example_dags/example_external_task_marker_dag.py for tasks to queue
[2023-09-05 00:58:43,070] {logging_mixin.py:115} INFO - [2023-09-05 00:58:43,069] {dagbag.py:507} INFO - Filling up the DagBag from /home/airflow/.local/lib/python3.7/site-packages/airflow/example_dags/example_external_task_marker_dag.py
[2023-09-05 00:58:43,092] {processor.py:651} INFO - DAG(s) dict_keys(['example_external_task_marker_parent', 'example_external_task_marker_child']) retrieved from /home/airflow/.local/lib/python3.7/site-packages/airflow/example_dags/example_external_task_marker_dag.py
[2023-09-05 00:58:43,217] {logging_mixin.py:115} INFO - [2023-09-05 00:58:43,216] {dag.py:2371} INFO - Sync 2 DAGs
[2023-09-05 00:58:43,309] {logging_mixin.py:115} INFO - [2023-09-05 00:58:43,309] {dag.py:2919} INFO - Setting next_dagrun for example_external_task_marker_child to None, run_after=None
[2023-09-05 00:58:43,310] {logging_mixin.py:115} INFO - [2023-09-05 00:58:43,310] {dag.py:2919} INFO - Setting next_dagrun for example_external_task_marker_parent to None, run_after=None
[2023-09-05 00:58:43,336] {processor.py:161} INFO - Processing /home/airflow/.local/lib/python3.7/site-packages/airflow/example_dags/example_external_task_marker_dag.py took 0.285 seconds
