[2023-09-05 00:57:39,786] {processor.py:153} INFO - Started process (PID=1082) to work on /home/airflow/.local/lib/python3.7/site-packages/airflow/example_dags/example_sla_dag.py
[2023-09-05 00:57:39,795] {processor.py:641} INFO - Processing file /home/airflow/.local/lib/python3.7/site-packages/airflow/example_dags/example_sla_dag.py for tasks to queue
[2023-09-05 00:57:39,800] {logging_mixin.py:115} INFO - [2023-09-05 00:57:39,799] {dagbag.py:507} INFO - Filling up the DagBag from /home/airflow/.local/lib/python3.7/site-packages/airflow/example_dags/example_sla_dag.py
[2023-09-05 00:57:39,980] {processor.py:651} INFO - DAG(s) dict_keys(['example_sla_dag']) retrieved from /home/airflow/.local/lib/python3.7/site-packages/airflow/example_dags/example_sla_dag.py
[2023-09-05 00:57:40,157] {logging_mixin.py:115} INFO - [2023-09-05 00:57:40,157] {dag.py:2371} INFO - Sync 1 DAGs
[2023-09-05 00:57:40,270] {logging_mixin.py:115} INFO - [2023-09-05 00:57:40,270] {dag.py:2919} INFO - Setting next_dagrun for example_sla_dag to 2023-09-05T00:54:00+00:00, run_after=2023-09-05T00:56:00+00:00
[2023-09-05 00:57:40,327] {processor.py:161} INFO - Processing /home/airflow/.local/lib/python3.7/site-packages/airflow/example_dags/example_sla_dag.py took 0.567 seconds
[2023-09-05 00:58:10,595] {processor.py:153} INFO - Started process (PID=1136) to work on /home/airflow/.local/lib/python3.7/site-packages/airflow/example_dags/example_sla_dag.py
[2023-09-05 00:58:10,598] {processor.py:641} INFO - Processing file /home/airflow/.local/lib/python3.7/site-packages/airflow/example_dags/example_sla_dag.py for tasks to queue
[2023-09-05 00:58:10,603] {logging_mixin.py:115} INFO - [2023-09-05 00:58:10,602] {dagbag.py:507} INFO - Filling up the DagBag from /home/airflow/.local/lib/python3.7/site-packages/airflow/example_dags/example_sla_dag.py
[2023-09-05 00:58:10,648] {processor.py:651} INFO - DAG(s) dict_keys(['example_sla_dag']) retrieved from /home/airflow/.local/lib/python3.7/site-packages/airflow/example_dags/example_sla_dag.py
[2023-09-05 00:58:10,707] {logging_mixin.py:115} INFO - [2023-09-05 00:58:10,706] {dag.py:2371} INFO - Sync 1 DAGs
[2023-09-05 00:58:10,766] {logging_mixin.py:115} INFO - [2023-09-05 00:58:10,766] {dag.py:2919} INFO - Setting next_dagrun for example_sla_dag to 2023-09-05T00:56:00+00:00, run_after=2023-09-05T00:58:00+00:00
[2023-09-05 00:58:10,791] {processor.py:161} INFO - Processing /home/airflow/.local/lib/python3.7/site-packages/airflow/example_dags/example_sla_dag.py took 0.203 seconds
[2023-09-05 00:58:41,393] {processor.py:153} INFO - Started process (PID=1203) to work on /home/airflow/.local/lib/python3.7/site-packages/airflow/example_dags/example_sla_dag.py
[2023-09-05 00:58:41,398] {processor.py:641} INFO - Processing file /home/airflow/.local/lib/python3.7/site-packages/airflow/example_dags/example_sla_dag.py for tasks to queue
[2023-09-05 00:58:41,406] {logging_mixin.py:115} INFO - [2023-09-05 00:58:41,404] {dagbag.py:507} INFO - Filling up the DagBag from /home/airflow/.local/lib/python3.7/site-packages/airflow/example_dags/example_sla_dag.py
[2023-09-05 00:58:41,474] {processor.py:651} INFO - DAG(s) dict_keys(['example_sla_dag']) retrieved from /home/airflow/.local/lib/python3.7/site-packages/airflow/example_dags/example_sla_dag.py
[2023-09-05 00:58:41,586] {logging_mixin.py:115} INFO - [2023-09-05 00:58:41,586] {dag.py:2371} INFO - Sync 1 DAGs
[2023-09-05 00:58:41,681] {logging_mixin.py:115} INFO - [2023-09-05 00:58:41,681] {dag.py:2919} INFO - Setting next_dagrun for example_sla_dag to 2023-09-05T00:56:00+00:00, run_after=2023-09-05T00:58:00+00:00
[2023-09-05 00:58:41,714] {processor.py:161} INFO - Processing /home/airflow/.local/lib/python3.7/site-packages/airflow/example_dags/example_sla_dag.py took 0.338 seconds
[2023-09-05 00:59:12,356] {processor.py:153} INFO - Started process (PID=1257) to work on /home/airflow/.local/lib/python3.7/site-packages/airflow/example_dags/example_sla_dag.py
[2023-09-05 00:59:12,358] {processor.py:641} INFO - Processing file /home/airflow/.local/lib/python3.7/site-packages/airflow/example_dags/example_sla_dag.py for tasks to queue
[2023-09-05 00:59:12,364] {logging_mixin.py:115} INFO - [2023-09-05 00:59:12,364] {dagbag.py:507} INFO - Filling up the DagBag from /home/airflow/.local/lib/python3.7/site-packages/airflow/example_dags/example_sla_dag.py
[2023-09-05 00:59:12,410] {processor.py:651} INFO - DAG(s) dict_keys(['example_sla_dag']) retrieved from /home/airflow/.local/lib/python3.7/site-packages/airflow/example_dags/example_sla_dag.py
[2023-09-05 00:59:12,475] {logging_mixin.py:115} INFO - [2023-09-05 00:59:12,475] {dag.py:2371} INFO - Sync 1 DAGs
[2023-09-05 00:59:12,558] {logging_mixin.py:115} INFO - [2023-09-05 00:59:12,558] {dag.py:2919} INFO - Setting next_dagrun for example_sla_dag to 2023-09-05T00:56:00+00:00, run_after=2023-09-05T00:58:00+00:00
[2023-09-05 00:59:12,593] {processor.py:161} INFO - Processing /home/airflow/.local/lib/python3.7/site-packages/airflow/example_dags/example_sla_dag.py took 0.244 seconds
