[2023-09-05 00:57:37,986] {processor.py:153} INFO - Started process (PID=1076) to work on /home/airflow/.local/lib/python3.7/site-packages/airflow/example_dags/example_branch_python_dop_operator_3.py
[2023-09-05 00:57:37,994] {processor.py:641} INFO - Processing file /home/airflow/.local/lib/python3.7/site-packages/airflow/example_dags/example_branch_python_dop_operator_3.py for tasks to queue
[2023-09-05 00:57:37,998] {logging_mixin.py:115} INFO - [2023-09-05 00:57:37,998] {dagbag.py:507} INFO - Filling up the DagBag from /home/airflow/.local/lib/python3.7/site-packages/airflow/example_dags/example_branch_python_dop_operator_3.py
[2023-09-05 00:57:38,031] {processor.py:651} INFO - DAG(s) dict_keys(['example_branch_dop_operator_v3']) retrieved from /home/airflow/.local/lib/python3.7/site-packages/airflow/example_dags/example_branch_python_dop_operator_3.py
[2023-09-05 00:57:38,144] {logging_mixin.py:115} INFO - [2023-09-05 00:57:38,144] {dag.py:2371} INFO - Sync 1 DAGs
[2023-09-05 00:57:38,309] {logging_mixin.py:115} INFO - [2023-09-05 00:57:38,305] {dag.py:2919} INFO - Setting next_dagrun for example_branch_dop_operator_v3 to 2023-09-05T00:56:00+00:00, run_after=2023-09-05T00:57:00+00:00
[2023-09-05 00:57:38,415] {processor.py:161} INFO - Processing /home/airflow/.local/lib/python3.7/site-packages/airflow/example_dags/example_branch_python_dop_operator_3.py took 0.446 seconds
[2023-09-05 00:58:08,779] {processor.py:153} INFO - Started process (PID=1129) to work on /home/airflow/.local/lib/python3.7/site-packages/airflow/example_dags/example_branch_python_dop_operator_3.py
[2023-09-05 00:58:08,785] {processor.py:641} INFO - Processing file /home/airflow/.local/lib/python3.7/site-packages/airflow/example_dags/example_branch_python_dop_operator_3.py for tasks to queue
[2023-09-05 00:58:08,791] {logging_mixin.py:115} INFO - [2023-09-05 00:58:08,790] {dagbag.py:507} INFO - Filling up the DagBag from /home/airflow/.local/lib/python3.7/site-packages/airflow/example_dags/example_branch_python_dop_operator_3.py
[2023-09-05 00:58:08,835] {processor.py:651} INFO - DAG(s) dict_keys(['example_branch_dop_operator_v3']) retrieved from /home/airflow/.local/lib/python3.7/site-packages/airflow/example_dags/example_branch_python_dop_operator_3.py
[2023-09-05 00:58:08,937] {logging_mixin.py:115} INFO - [2023-09-05 00:58:08,936] {dag.py:2371} INFO - Sync 1 DAGs
[2023-09-05 00:58:09,006] {logging_mixin.py:115} INFO - [2023-09-05 00:58:09,006] {dag.py:2919} INFO - Setting next_dagrun for example_branch_dop_operator_v3 to 2023-09-05T00:57:00+00:00, run_after=2023-09-05T00:58:00+00:00
[2023-09-05 00:58:09,045] {processor.py:161} INFO - Processing /home/airflow/.local/lib/python3.7/site-packages/airflow/example_dags/example_branch_python_dop_operator_3.py took 0.281 seconds
[2023-09-05 00:58:39,272] {processor.py:153} INFO - Started process (PID=1185) to work on /home/airflow/.local/lib/python3.7/site-packages/airflow/example_dags/example_branch_python_dop_operator_3.py
[2023-09-05 00:58:39,275] {processor.py:641} INFO - Processing file /home/airflow/.local/lib/python3.7/site-packages/airflow/example_dags/example_branch_python_dop_operator_3.py for tasks to queue
[2023-09-05 00:58:39,278] {logging_mixin.py:115} INFO - [2023-09-05 00:58:39,278] {dagbag.py:507} INFO - Filling up the DagBag from /home/airflow/.local/lib/python3.7/site-packages/airflow/example_dags/example_branch_python_dop_operator_3.py
[2023-09-05 00:58:39,296] {processor.py:651} INFO - DAG(s) dict_keys(['example_branch_dop_operator_v3']) retrieved from /home/airflow/.local/lib/python3.7/site-packages/airflow/example_dags/example_branch_python_dop_operator_3.py
[2023-09-05 00:58:39,354] {logging_mixin.py:115} INFO - [2023-09-05 00:58:39,353] {dag.py:2371} INFO - Sync 1 DAGs
[2023-09-05 00:58:39,393] {logging_mixin.py:115} INFO - [2023-09-05 00:58:39,393] {dag.py:2919} INFO - Setting next_dagrun for example_branch_dop_operator_v3 to 2023-09-05T00:57:00+00:00, run_after=2023-09-05T00:58:00+00:00
[2023-09-05 00:58:39,414] {processor.py:161} INFO - Processing /home/airflow/.local/lib/python3.7/site-packages/airflow/example_dags/example_branch_python_dop_operator_3.py took 0.149 seconds
[2023-09-05 00:59:09,609] {processor.py:153} INFO - Started process (PID=1247) to work on /home/airflow/.local/lib/python3.7/site-packages/airflow/example_dags/example_branch_python_dop_operator_3.py
[2023-09-05 00:59:09,611] {processor.py:641} INFO - Processing file /home/airflow/.local/lib/python3.7/site-packages/airflow/example_dags/example_branch_python_dop_operator_3.py for tasks to queue
[2023-09-05 00:59:09,614] {logging_mixin.py:115} INFO - [2023-09-05 00:59:09,614] {dagbag.py:507} INFO - Filling up the DagBag from /home/airflow/.local/lib/python3.7/site-packages/airflow/example_dags/example_branch_python_dop_operator_3.py
[2023-09-05 00:59:09,636] {processor.py:651} INFO - DAG(s) dict_keys(['example_branch_dop_operator_v3']) retrieved from /home/airflow/.local/lib/python3.7/site-packages/airflow/example_dags/example_branch_python_dop_operator_3.py
[2023-09-05 00:59:09,698] {logging_mixin.py:115} INFO - [2023-09-05 00:59:09,698] {dag.py:2371} INFO - Sync 1 DAGs
[2023-09-05 00:59:09,750] {logging_mixin.py:115} INFO - [2023-09-05 00:59:09,750] {dag.py:2919} INFO - Setting next_dagrun for example_branch_dop_operator_v3 to 2023-09-05T00:58:00+00:00, run_after=2023-09-05T00:59:00+00:00
[2023-09-05 00:59:09,816] {processor.py:161} INFO - Processing /home/airflow/.local/lib/python3.7/site-packages/airflow/example_dags/example_branch_python_dop_operator_3.py took 0.214 seconds
