[2023-09-05 00:32:45,729] {processor.py:153} INFO - Started process (PID=1070) to work on /home/airflow/.local/lib/python3.7/site-packages/airflow/example_dags/example_kubernetes_executor.py
[2023-09-05 00:32:45,736] {processor.py:641} INFO - Processing file /home/airflow/.local/lib/python3.7/site-packages/airflow/example_dags/example_kubernetes_executor.py for tasks to queue
[2023-09-05 00:32:45,739] {logging_mixin.py:115} INFO - [2023-09-05 00:32:45,739] {dagbag.py:507} INFO - Filling up the DagBag from /home/airflow/.local/lib/python3.7/site-packages/airflow/example_dags/example_kubernetes_executor.py
[2023-09-05 00:32:45,933] {processor.py:651} INFO - DAG(s) dict_keys(['example_kubernetes_executor']) retrieved from /home/airflow/.local/lib/python3.7/site-packages/airflow/example_dags/example_kubernetes_executor.py
[2023-09-05 00:32:46,143] {logging_mixin.py:115} INFO - [2023-09-05 00:32:46,142] {dag.py:2371} INFO - Sync 1 DAGs
[2023-09-05 00:32:46,318] {logging_mixin.py:115} INFO - [2023-09-05 00:32:46,317] {dag.py:2919} INFO - Setting next_dagrun for example_kubernetes_executor to None, run_after=None
[2023-09-05 00:32:46,376] {processor.py:161} INFO - Processing /home/airflow/.local/lib/python3.7/site-packages/airflow/example_dags/example_kubernetes_executor.py took 0.676 seconds
[2023-09-05 00:57:45,882] {processor.py:153} INFO - Started process (PID=1099) to work on /home/airflow/.local/lib/python3.7/site-packages/airflow/example_dags/example_kubernetes_executor.py
[2023-09-05 00:57:45,886] {processor.py:641} INFO - Processing file /home/airflow/.local/lib/python3.7/site-packages/airflow/example_dags/example_kubernetes_executor.py for tasks to queue
[2023-09-05 00:57:45,889] {logging_mixin.py:115} INFO - [2023-09-05 00:57:45,889] {dagbag.py:507} INFO - Filling up the DagBag from /home/airflow/.local/lib/python3.7/site-packages/airflow/example_dags/example_kubernetes_executor.py
[2023-09-05 00:57:45,969] {processor.py:651} INFO - DAG(s) dict_keys(['example_kubernetes_executor']) retrieved from /home/airflow/.local/lib/python3.7/site-packages/airflow/example_dags/example_kubernetes_executor.py
[2023-09-05 00:57:46,062] {logging_mixin.py:115} INFO - [2023-09-05 00:57:46,062] {dag.py:2371} INFO - Sync 1 DAGs
[2023-09-05 00:57:46,113] {logging_mixin.py:115} INFO - [2023-09-05 00:57:46,113] {dag.py:2919} INFO - Setting next_dagrun for example_kubernetes_executor to None, run_after=None
[2023-09-05 00:57:46,343] {processor.py:161} INFO - Processing /home/airflow/.local/lib/python3.7/site-packages/airflow/example_dags/example_kubernetes_executor.py took 0.472 seconds
[2023-09-05 00:58:16,921] {processor.py:153} INFO - Started process (PID=1163) to work on /home/airflow/.local/lib/python3.7/site-packages/airflow/example_dags/example_kubernetes_executor.py
[2023-09-05 00:58:16,923] {processor.py:641} INFO - Processing file /home/airflow/.local/lib/python3.7/site-packages/airflow/example_dags/example_kubernetes_executor.py for tasks to queue
[2023-09-05 00:58:16,926] {logging_mixin.py:115} INFO - [2023-09-05 00:58:16,926] {dagbag.py:507} INFO - Filling up the DagBag from /home/airflow/.local/lib/python3.7/site-packages/airflow/example_dags/example_kubernetes_executor.py
[2023-09-05 00:58:16,987] {processor.py:651} INFO - DAG(s) dict_keys(['example_kubernetes_executor']) retrieved from /home/airflow/.local/lib/python3.7/site-packages/airflow/example_dags/example_kubernetes_executor.py
[2023-09-05 00:58:17,045] {logging_mixin.py:115} INFO - [2023-09-05 00:58:17,045] {dag.py:2371} INFO - Sync 1 DAGs
[2023-09-05 00:58:17,093] {logging_mixin.py:115} INFO - [2023-09-05 00:58:17,092] {dag.py:2919} INFO - Setting next_dagrun for example_kubernetes_executor to None, run_after=None
[2023-09-05 00:58:17,333] {processor.py:161} INFO - Processing /home/airflow/.local/lib/python3.7/site-packages/airflow/example_dags/example_kubernetes_executor.py took 0.420 seconds
[2023-09-05 00:58:47,772] {processor.py:153} INFO - Started process (PID=1218) to work on /home/airflow/.local/lib/python3.7/site-packages/airflow/example_dags/example_kubernetes_executor.py
[2023-09-05 00:58:47,775] {processor.py:641} INFO - Processing file /home/airflow/.local/lib/python3.7/site-packages/airflow/example_dags/example_kubernetes_executor.py for tasks to queue
[2023-09-05 00:58:47,778] {logging_mixin.py:115} INFO - [2023-09-05 00:58:47,777] {dagbag.py:507} INFO - Filling up the DagBag from /home/airflow/.local/lib/python3.7/site-packages/airflow/example_dags/example_kubernetes_executor.py
[2023-09-05 00:58:47,821] {processor.py:651} INFO - DAG(s) dict_keys(['example_kubernetes_executor']) retrieved from /home/airflow/.local/lib/python3.7/site-packages/airflow/example_dags/example_kubernetes_executor.py
[2023-09-05 00:58:47,870] {logging_mixin.py:115} INFO - [2023-09-05 00:58:47,870] {dag.py:2371} INFO - Sync 1 DAGs
[2023-09-05 00:58:47,906] {logging_mixin.py:115} INFO - [2023-09-05 00:58:47,906] {dag.py:2919} INFO - Setting next_dagrun for example_kubernetes_executor to None, run_after=None
[2023-09-05 00:58:48,075] {processor.py:161} INFO - Processing /home/airflow/.local/lib/python3.7/site-packages/airflow/example_dags/example_kubernetes_executor.py took 0.309 seconds
[2023-09-05 00:59:18,253] {processor.py:153} INFO - Started process (PID=1281) to work on /home/airflow/.local/lib/python3.7/site-packages/airflow/example_dags/example_kubernetes_executor.py
[2023-09-05 00:59:18,258] {processor.py:641} INFO - Processing file /home/airflow/.local/lib/python3.7/site-packages/airflow/example_dags/example_kubernetes_executor.py for tasks to queue
[2023-09-05 00:59:18,262] {logging_mixin.py:115} INFO - [2023-09-05 00:59:18,261] {dagbag.py:507} INFO - Filling up the DagBag from /home/airflow/.local/lib/python3.7/site-packages/airflow/example_dags/example_kubernetes_executor.py
[2023-09-05 00:59:18,340] {processor.py:651} INFO - DAG(s) dict_keys(['example_kubernetes_executor']) retrieved from /home/airflow/.local/lib/python3.7/site-packages/airflow/example_dags/example_kubernetes_executor.py
[2023-09-05 00:59:18,436] {logging_mixin.py:115} INFO - [2023-09-05 00:59:18,436] {dag.py:2371} INFO - Sync 1 DAGs
[2023-09-05 00:59:18,502] {logging_mixin.py:115} INFO - [2023-09-05 00:59:18,502] {dag.py:2919} INFO - Setting next_dagrun for example_kubernetes_executor to None, run_after=None
[2023-09-05 00:59:18,727] {processor.py:161} INFO - Processing /home/airflow/.local/lib/python3.7/site-packages/airflow/example_dags/example_kubernetes_executor.py took 0.487 seconds
