[2023-09-05 00:57:39,940] {processor.py:153} INFO - Started process (PID=1083) to work on /home/airflow/.local/lib/python3.7/site-packages/airflow/example_dags/example_latest_only_with_trigger.py
[2023-09-05 00:57:39,946] {processor.py:641} INFO - Processing file /home/airflow/.local/lib/python3.7/site-packages/airflow/example_dags/example_latest_only_with_trigger.py for tasks to queue
[2023-09-05 00:57:39,953] {logging_mixin.py:115} INFO - [2023-09-05 00:57:39,953] {dagbag.py:507} INFO - Filling up the DagBag from /home/airflow/.local/lib/python3.7/site-packages/airflow/example_dags/example_latest_only_with_trigger.py
[2023-09-05 00:57:39,978] {processor.py:651} INFO - DAG(s) dict_keys(['latest_only_with_trigger']) retrieved from /home/airflow/.local/lib/python3.7/site-packages/airflow/example_dags/example_latest_only_with_trigger.py
[2023-09-05 00:57:40,140] {logging_mixin.py:115} INFO - [2023-09-05 00:57:40,139] {dag.py:2371} INFO - Sync 1 DAGs
[2023-09-05 00:57:40,223] {logging_mixin.py:115} INFO - [2023-09-05 00:57:40,223] {dag.py:2919} INFO - Setting next_dagrun for latest_only_with_trigger to 2023-09-04T20:57:40.223176+00:00, run_after=2023-09-05T00:57:40.223176+00:00
[2023-09-05 00:57:40,263] {processor.py:161} INFO - Processing /home/airflow/.local/lib/python3.7/site-packages/airflow/example_dags/example_latest_only_with_trigger.py took 0.345 seconds
[2023-09-05 00:58:10,348] {processor.py:153} INFO - Started process (PID=1135) to work on /home/airflow/.local/lib/python3.7/site-packages/airflow/example_dags/example_latest_only_with_trigger.py
[2023-09-05 00:58:10,351] {processor.py:641} INFO - Processing file /home/airflow/.local/lib/python3.7/site-packages/airflow/example_dags/example_latest_only_with_trigger.py for tasks to queue
[2023-09-05 00:58:10,354] {logging_mixin.py:115} INFO - [2023-09-05 00:58:10,354] {dagbag.py:507} INFO - Filling up the DagBag from /home/airflow/.local/lib/python3.7/site-packages/airflow/example_dags/example_latest_only_with_trigger.py
[2023-09-05 00:58:10,373] {processor.py:651} INFO - DAG(s) dict_keys(['latest_only_with_trigger']) retrieved from /home/airflow/.local/lib/python3.7/site-packages/airflow/example_dags/example_latest_only_with_trigger.py
[2023-09-05 00:58:10,444] {logging_mixin.py:115} INFO - [2023-09-05 00:58:10,444] {dag.py:2371} INFO - Sync 1 DAGs
[2023-09-05 00:58:10,502] {logging_mixin.py:115} INFO - [2023-09-05 00:58:10,501] {dag.py:2919} INFO - Setting next_dagrun for latest_only_with_trigger to 2023-09-04T20:58:10.500549+00:00, run_after=2023-09-05T00:58:10.500549+00:00
[2023-09-05 00:58:10,542] {processor.py:161} INFO - Processing /home/airflow/.local/lib/python3.7/site-packages/airflow/example_dags/example_latest_only_with_trigger.py took 0.201 seconds
[2023-09-05 00:58:41,137] {processor.py:153} INFO - Started process (PID=1201) to work on /home/airflow/.local/lib/python3.7/site-packages/airflow/example_dags/example_latest_only_with_trigger.py
[2023-09-05 00:58:41,141] {processor.py:641} INFO - Processing file /home/airflow/.local/lib/python3.7/site-packages/airflow/example_dags/example_latest_only_with_trigger.py for tasks to queue
[2023-09-05 00:58:41,144] {logging_mixin.py:115} INFO - [2023-09-05 00:58:41,143] {dagbag.py:507} INFO - Filling up the DagBag from /home/airflow/.local/lib/python3.7/site-packages/airflow/example_dags/example_latest_only_with_trigger.py
[2023-09-05 00:58:41,159] {processor.py:651} INFO - DAG(s) dict_keys(['latest_only_with_trigger']) retrieved from /home/airflow/.local/lib/python3.7/site-packages/airflow/example_dags/example_latest_only_with_trigger.py
[2023-09-05 00:58:41,247] {logging_mixin.py:115} INFO - [2023-09-05 00:58:41,246] {dag.py:2371} INFO - Sync 1 DAGs
[2023-09-05 00:58:41,292] {logging_mixin.py:115} INFO - [2023-09-05 00:58:41,292] {dag.py:2919} INFO - Setting next_dagrun for latest_only_with_trigger to 2023-09-04T20:58:41.291893+00:00, run_after=2023-09-05T00:58:41.291893+00:00
[2023-09-05 00:58:41,336] {processor.py:161} INFO - Processing /home/airflow/.local/lib/python3.7/site-packages/airflow/example_dags/example_latest_only_with_trigger.py took 0.204 seconds
[2023-09-05 00:59:11,903] {processor.py:153} INFO - Started process (PID=1254) to work on /home/airflow/.local/lib/python3.7/site-packages/airflow/example_dags/example_latest_only_with_trigger.py
[2023-09-05 00:59:11,905] {processor.py:641} INFO - Processing file /home/airflow/.local/lib/python3.7/site-packages/airflow/example_dags/example_latest_only_with_trigger.py for tasks to queue
[2023-09-05 00:59:11,908] {logging_mixin.py:115} INFO - [2023-09-05 00:59:11,907] {dagbag.py:507} INFO - Filling up the DagBag from /home/airflow/.local/lib/python3.7/site-packages/airflow/example_dags/example_latest_only_with_trigger.py
[2023-09-05 00:59:11,921] {processor.py:651} INFO - DAG(s) dict_keys(['latest_only_with_trigger']) retrieved from /home/airflow/.local/lib/python3.7/site-packages/airflow/example_dags/example_latest_only_with_trigger.py
[2023-09-05 00:59:11,971] {logging_mixin.py:115} INFO - [2023-09-05 00:59:11,971] {dag.py:2371} INFO - Sync 1 DAGs
[2023-09-05 00:59:12,012] {logging_mixin.py:115} INFO - [2023-09-05 00:59:12,012] {dag.py:2919} INFO - Setting next_dagrun for latest_only_with_trigger to 2023-09-04T20:59:12.011912+00:00, run_after=2023-09-05T00:59:12.011912+00:00
[2023-09-05 00:59:12,053] {processor.py:161} INFO - Processing /home/airflow/.local/lib/python3.7/site-packages/airflow/example_dags/example_latest_only_with_trigger.py took 0.158 seconds
