[2023-09-05 00:32:42,028] {processor.py:153} INFO - Started process (PID=1060) to work on /home/airflow/.local/lib/python3.7/site-packages/airflow/example_dags/example_complex.py
[2023-09-05 00:32:42,032] {processor.py:641} INFO - Processing file /home/airflow/.local/lib/python3.7/site-packages/airflow/example_dags/example_complex.py for tasks to queue
[2023-09-05 00:32:42,042] {logging_mixin.py:115} INFO - [2023-09-05 00:32:42,042] {dagbag.py:507} INFO - Filling up the DagBag from /home/airflow/.local/lib/python3.7/site-packages/airflow/example_dags/example_complex.py
[2023-09-05 00:32:42,138] {processor.py:651} INFO - DAG(s) dict_keys(['example_complex']) retrieved from /home/airflow/.local/lib/python3.7/site-packages/airflow/example_dags/example_complex.py
[2023-09-05 00:32:42,312] {logging_mixin.py:115} INFO - [2023-09-05 00:32:42,312] {dag.py:2371} INFO - Sync 1 DAGs
[2023-09-05 00:32:42,461] {logging_mixin.py:115} INFO - [2023-09-05 00:32:42,460] {dag.py:2919} INFO - Setting next_dagrun for example_complex to None, run_after=None
[2023-09-05 00:32:42,541] {processor.py:161} INFO - Processing /home/airflow/.local/lib/python3.7/site-packages/airflow/example_dags/example_complex.py took 0.530 seconds
[2023-09-05 00:57:42,143] {processor.py:153} INFO - Started process (PID=1091) to work on /home/airflow/.local/lib/python3.7/site-packages/airflow/example_dags/example_complex.py
[2023-09-05 00:57:42,150] {processor.py:641} INFO - Processing file /home/airflow/.local/lib/python3.7/site-packages/airflow/example_dags/example_complex.py for tasks to queue
[2023-09-05 00:57:42,177] {logging_mixin.py:115} INFO - [2023-09-05 00:57:42,176] {dagbag.py:507} INFO - Filling up the DagBag from /home/airflow/.local/lib/python3.7/site-packages/airflow/example_dags/example_complex.py
[2023-09-05 00:57:42,230] {processor.py:651} INFO - DAG(s) dict_keys(['example_complex']) retrieved from /home/airflow/.local/lib/python3.7/site-packages/airflow/example_dags/example_complex.py
[2023-09-05 00:57:42,411] {logging_mixin.py:115} INFO - [2023-09-05 00:57:42,410] {dag.py:2371} INFO - Sync 1 DAGs
[2023-09-05 00:57:42,568] {logging_mixin.py:115} INFO - [2023-09-05 00:57:42,568] {dag.py:2919} INFO - Setting next_dagrun for example_complex to None, run_after=None
[2023-09-05 00:57:42,626] {processor.py:161} INFO - Processing /home/airflow/.local/lib/python3.7/site-packages/airflow/example_dags/example_complex.py took 0.506 seconds
[2023-09-05 00:58:12,787] {processor.py:153} INFO - Started process (PID=1144) to work on /home/airflow/.local/lib/python3.7/site-packages/airflow/example_dags/example_complex.py
[2023-09-05 00:58:12,789] {processor.py:641} INFO - Processing file /home/airflow/.local/lib/python3.7/site-packages/airflow/example_dags/example_complex.py for tasks to queue
[2023-09-05 00:58:12,792] {logging_mixin.py:115} INFO - [2023-09-05 00:58:12,792] {dagbag.py:507} INFO - Filling up the DagBag from /home/airflow/.local/lib/python3.7/site-packages/airflow/example_dags/example_complex.py
[2023-09-05 00:58:12,826] {processor.py:651} INFO - DAG(s) dict_keys(['example_complex']) retrieved from /home/airflow/.local/lib/python3.7/site-packages/airflow/example_dags/example_complex.py
[2023-09-05 00:58:12,899] {logging_mixin.py:115} INFO - [2023-09-05 00:58:12,899] {dag.py:2371} INFO - Sync 1 DAGs
[2023-09-05 00:58:12,972] {logging_mixin.py:115} INFO - [2023-09-05 00:58:12,972] {dag.py:2919} INFO - Setting next_dagrun for example_complex to None, run_after=None
[2023-09-05 00:58:13,002] {processor.py:161} INFO - Processing /home/airflow/.local/lib/python3.7/site-packages/airflow/example_dags/example_complex.py took 0.220 seconds
[2023-09-05 00:58:43,372] {processor.py:153} INFO - Started process (PID=1210) to work on /home/airflow/.local/lib/python3.7/site-packages/airflow/example_dags/example_complex.py
[2023-09-05 00:58:43,375] {processor.py:641} INFO - Processing file /home/airflow/.local/lib/python3.7/site-packages/airflow/example_dags/example_complex.py for tasks to queue
[2023-09-05 00:58:43,377] {logging_mixin.py:115} INFO - [2023-09-05 00:58:43,377] {dagbag.py:507} INFO - Filling up the DagBag from /home/airflow/.local/lib/python3.7/site-packages/airflow/example_dags/example_complex.py
[2023-09-05 00:58:43,398] {processor.py:651} INFO - DAG(s) dict_keys(['example_complex']) retrieved from /home/airflow/.local/lib/python3.7/site-packages/airflow/example_dags/example_complex.py
[2023-09-05 00:58:43,465] {logging_mixin.py:115} INFO - [2023-09-05 00:58:43,464] {dag.py:2371} INFO - Sync 1 DAGs
[2023-09-05 00:58:43,540] {logging_mixin.py:115} INFO - [2023-09-05 00:58:43,540] {dag.py:2919} INFO - Setting next_dagrun for example_complex to None, run_after=None
[2023-09-05 00:58:43,588] {processor.py:161} INFO - Processing /home/airflow/.local/lib/python3.7/site-packages/airflow/example_dags/example_complex.py took 0.221 seconds
[2023-09-05 00:59:14,146] {processor.py:153} INFO - Started process (PID=1263) to work on /home/airflow/.local/lib/python3.7/site-packages/airflow/example_dags/example_complex.py
[2023-09-05 00:59:14,151] {processor.py:641} INFO - Processing file /home/airflow/.local/lib/python3.7/site-packages/airflow/example_dags/example_complex.py for tasks to queue
[2023-09-05 00:59:14,158] {logging_mixin.py:115} INFO - [2023-09-05 00:59:14,157] {dagbag.py:507} INFO - Filling up the DagBag from /home/airflow/.local/lib/python3.7/site-packages/airflow/example_dags/example_complex.py
[2023-09-05 00:59:14,242] {processor.py:651} INFO - DAG(s) dict_keys(['example_complex']) retrieved from /home/airflow/.local/lib/python3.7/site-packages/airflow/example_dags/example_complex.py
[2023-09-05 00:59:14,333] {logging_mixin.py:115} INFO - [2023-09-05 00:59:14,333] {dag.py:2371} INFO - Sync 1 DAGs
[2023-09-05 00:59:14,373] {logging_mixin.py:115} INFO - [2023-09-05 00:59:14,373] {dag.py:2919} INFO - Setting next_dagrun for example_complex to None, run_after=None
[2023-09-05 00:59:14,397] {processor.py:161} INFO - Processing /home/airflow/.local/lib/python3.7/site-packages/airflow/example_dags/example_complex.py took 0.270 seconds
