[2023-09-05 00:32:32,314] {processor.py:153} INFO - Started process (PID=1039) to work on /home/airflow/.local/lib/python3.7/site-packages/airflow/example_dags/example_xcom.py
[2023-09-05 00:32:32,319] {processor.py:641} INFO - Processing file /home/airflow/.local/lib/python3.7/site-packages/airflow/example_dags/example_xcom.py for tasks to queue
[2023-09-05 00:32:32,324] {logging_mixin.py:115} INFO - [2023-09-05 00:32:32,324] {dagbag.py:507} INFO - Filling up the DagBag from /home/airflow/.local/lib/python3.7/site-packages/airflow/example_dags/example_xcom.py
[2023-09-05 00:32:32,456] {processor.py:651} INFO - DAG(s) dict_keys(['example_xcom']) retrieved from /home/airflow/.local/lib/python3.7/site-packages/airflow/example_dags/example_xcom.py
[2023-09-05 00:32:34,459] {logging_mixin.py:115} INFO - [2023-09-05 00:32:34,458] {dag.py:2371} INFO - Sync 1 DAGs
[2023-09-05 00:32:34,651] {logging_mixin.py:115} INFO - [2023-09-05 00:32:34,651] {dag.py:2919} INFO - Setting next_dagrun for example_xcom to 2021-01-01T00:00:00+00:00, run_after=2021-01-01T00:00:00+00:00
[2023-09-05 00:32:34,769] {processor.py:161} INFO - Processing /home/airflow/.local/lib/python3.7/site-packages/airflow/example_dags/example_xcom.py took 2.549 seconds
[2023-09-05 00:57:46,448] {processor.py:153} INFO - Started process (PID=1101) to work on /home/airflow/.local/lib/python3.7/site-packages/airflow/example_dags/example_xcom.py
[2023-09-05 00:57:46,451] {processor.py:641} INFO - Processing file /home/airflow/.local/lib/python3.7/site-packages/airflow/example_dags/example_xcom.py for tasks to queue
[2023-09-05 00:57:46,454] {logging_mixin.py:115} INFO - [2023-09-05 00:57:46,454] {dagbag.py:507} INFO - Filling up the DagBag from /home/airflow/.local/lib/python3.7/site-packages/airflow/example_dags/example_xcom.py
[2023-09-05 00:57:46,531] {processor.py:651} INFO - DAG(s) dict_keys(['example_xcom']) retrieved from /home/airflow/.local/lib/python3.7/site-packages/airflow/example_dags/example_xcom.py
[2023-09-05 00:57:47,127] {logging_mixin.py:115} INFO - [2023-09-05 00:57:47,127] {dag.py:2371} INFO - Sync 1 DAGs
[2023-09-05 00:57:47,170] {logging_mixin.py:115} INFO - [2023-09-05 00:57:47,169] {dag.py:2919} INFO - Setting next_dagrun for example_xcom to 2021-01-01T00:00:00+00:00, run_after=2021-01-01T00:00:00+00:00
[2023-09-05 00:57:47,200] {processor.py:161} INFO - Processing /home/airflow/.local/lib/python3.7/site-packages/airflow/example_dags/example_xcom.py took 0.767 seconds
[2023-09-05 00:58:17,437] {processor.py:153} INFO - Started process (PID=1165) to work on /home/airflow/.local/lib/python3.7/site-packages/airflow/example_dags/example_xcom.py
[2023-09-05 00:58:17,447] {processor.py:641} INFO - Processing file /home/airflow/.local/lib/python3.7/site-packages/airflow/example_dags/example_xcom.py for tasks to queue
[2023-09-05 00:58:17,453] {logging_mixin.py:115} INFO - [2023-09-05 00:58:17,453] {dagbag.py:507} INFO - Filling up the DagBag from /home/airflow/.local/lib/python3.7/site-packages/airflow/example_dags/example_xcom.py
[2023-09-05 00:58:17,492] {processor.py:651} INFO - DAG(s) dict_keys(['example_xcom']) retrieved from /home/airflow/.local/lib/python3.7/site-packages/airflow/example_dags/example_xcom.py
[2023-09-05 00:58:17,808] {logging_mixin.py:115} INFO - [2023-09-05 00:58:17,808] {dag.py:2371} INFO - Sync 1 DAGs
[2023-09-05 00:58:17,848] {logging_mixin.py:115} INFO - [2023-09-05 00:58:17,848] {dag.py:2919} INFO - Setting next_dagrun for example_xcom to 2021-01-01T00:00:00+00:00, run_after=2021-01-01T00:00:00+00:00
[2023-09-05 00:58:17,890] {processor.py:161} INFO - Processing /home/airflow/.local/lib/python3.7/site-packages/airflow/example_dags/example_xcom.py took 0.460 seconds
[2023-09-05 00:58:48,181] {processor.py:153} INFO - Started process (PID=1220) to work on /home/airflow/.local/lib/python3.7/site-packages/airflow/example_dags/example_xcom.py
[2023-09-05 00:58:48,188] {processor.py:641} INFO - Processing file /home/airflow/.local/lib/python3.7/site-packages/airflow/example_dags/example_xcom.py for tasks to queue
[2023-09-05 00:58:48,196] {logging_mixin.py:115} INFO - [2023-09-05 00:58:48,196] {dagbag.py:507} INFO - Filling up the DagBag from /home/airflow/.local/lib/python3.7/site-packages/airflow/example_dags/example_xcom.py
[2023-09-05 00:58:48,257] {processor.py:651} INFO - DAG(s) dict_keys(['example_xcom']) retrieved from /home/airflow/.local/lib/python3.7/site-packages/airflow/example_dags/example_xcom.py
[2023-09-05 00:58:48,620] {logging_mixin.py:115} INFO - [2023-09-05 00:58:48,620] {dag.py:2371} INFO - Sync 1 DAGs
[2023-09-05 00:58:48,649] {logging_mixin.py:115} INFO - [2023-09-05 00:58:48,649] {dag.py:2919} INFO - Setting next_dagrun for example_xcom to 2021-01-01T00:00:00+00:00, run_after=2021-01-01T00:00:00+00:00
[2023-09-05 00:58:48,689] {processor.py:161} INFO - Processing /home/airflow/.local/lib/python3.7/site-packages/airflow/example_dags/example_xcom.py took 0.525 seconds
